<?xml version="1.0" encoding="UTF-8"?>
<testng-results skipped="1" failed="0" ignored="0" total="2" passed="1">
  <reporter-output>
  </reporter-output>
  <suite name="Suite" duration-ms="56213" started-at="2020-07-20T10:23:04Z" finished-at="2020-07-20T10:24:01Z">
    <groups>
      <group name="cucumber">
        <method signature="AbstractTestNGCucumberTests.feature(cucumber.api.testng.CucumberFeatureWrapper)[pri:0, instance:com.runners.TestRunner@dc24521]" name="feature" class="cucumber.api.testng.AbstractTestNGCucumberTests"/>
        <method signature="AbstractTestNGCucumberTests.feature(cucumber.api.testng.CucumberFeatureWrapper)[pri:0, instance:com.runners.TestRunner@13a5fe33]" name="feature" class="cucumber.api.testng.AbstractTestNGCucumberTests"/>
      </group> <!-- cucumber -->
    </groups>
    <test name="Safari" duration-ms="497" started-at="2020-07-20T10:23:04Z" finished-at="2020-07-20T10:23:05Z">
      <class name="com.runners.TestRunner">
        <test-method status="FAIL" signature="createSession(org.testng.ITestContext)[pri:0, instance:com.runners.TestRunner@dc24521]" name="createSession" is-config="true" duration-ms="29" started-at="2020-07-20T15:53:04Z" finished-at="2020-07-20T15:53:04Z">
          <params>
            <param index="0">
              <value>
                <![CDATA[org.testng.TestRunner@485e68f9]]>
              </value>
            </param>
          </params>
          <exception class="org.openqa.selenium.WebDriverException">
            <message>
              <![CDATA[SafariDriver requires Safari 10 running on OSX El Capitan or greater.
Build info: version: '3.14.0', revision: 'aacccce0', time: '2018-08-02T20:19:58.91Z'
System info: host: 'L0682L', ip: '192.168.0.106', os.name: 'Windows 10', os.arch: 'amd64', os.version: '10.0', java.version: '1.8.0_73'
Driver info: driver.version: SafariDriver]]>
            </message>
            <full-stacktrace>
              <![CDATA[org.openqa.selenium.WebDriverException: SafariDriver requires Safari 10 running on OSX El Capitan or greater.
Build info: version: '3.14.0', revision: 'aacccce0', time: '2018-08-02T20:19:58.91Z'
System info: host: 'L0682L', ip: '192.168.0.106', os.name: 'Windows 10', os.arch: 'amd64', os.version: '10.0', java.version: '1.8.0_73'
Driver info: driver.version: SafariDriver
	at org.openqa.selenium.safari.SafariDriverService.createDefaultService(SafariDriverService.java:59)
	at org.openqa.selenium.safari.SafariDriver.<init>(SafariDriver.java:60)
	at org.openqa.selenium.safari.SafariDriver.<init>(SafariDriver.java:38)
	at com.driver.initialize.BrowserFactory.getBrowser(BrowserFactory.java:21)
	at com.runners.TestRunner.createSession(TestRunner.java:26)
	at sun.reflect.NativeMethodAccessorImpl.invoke0(Native Method)
	at sun.reflect.NativeMethodAccessorImpl.invoke(NativeMethodAccessorImpl.java:62)
	at sun.reflect.DelegatingMethodAccessorImpl.invoke(DelegatingMethodAccessorImpl.java:43)
	at java.lang.reflect.Method.invoke(Method.java:497)
	at org.testng.internal.MethodInvocationHelper.invokeMethod(MethodInvocationHelper.java:108)
	at org.testng.internal.Invoker.invokeConfigurationMethod(Invoker.java:523)
	at org.testng.internal.Invoker.invokeConfigurations(Invoker.java:224)
	at org.testng.internal.Invoker.invokeConfigurations(Invoker.java:146)
	at org.testng.TestRunner.beforeRun(TestRunner.java:626)
	at org.testng.TestRunner.run(TestRunner.java:594)
	at org.testng.SuiteRunner.runTest(SuiteRunner.java:380)
	at org.testng.SuiteRunner.access$000(SuiteRunner.java:39)
	at org.testng.SuiteRunner$SuiteWorker.run(SuiteRunner.java:414)
	at org.testng.internal.thread.ThreadUtil$1.call(ThreadUtil.java:52)
	at java.util.concurrent.FutureTask.run(FutureTask.java:266)
	at java.util.concurrent.ThreadPoolExecutor.runWorker(ThreadPoolExecutor.java:1142)
	at java.util.concurrent.ThreadPoolExecutor$Worker.run(ThreadPoolExecutor.java:617)
	at java.lang.Thread.run(Thread.java:745)
]]>
            </full-stacktrace>
          </exception> <!-- org.openqa.selenium.WebDriverException -->
          <reporter-output>
          </reporter-output>
        </test-method> <!-- createSession -->
        <test-method status="PASS" signature="setUpClass()[pri:0, instance:com.runners.TestRunner@dc24521]" name="setUpClass" is-config="true" duration-ms="310" started-at="2020-07-20T15:53:04Z" finished-at="2020-07-20T15:53:05Z">
          <reporter-output>
          </reporter-output>
        </test-method> <!-- setUpClass -->
        <test-method status="SKIP" signature="feature(cucumber.api.testng.CucumberFeatureWrapper)[pri:0, instance:com.runners.TestRunner@dc24521]" name="feature" duration-ms="0" started-at="2020-07-20T15:53:05Z" description="Runs Cucumber Feature" data-provider="features" finished-at="2020-07-20T15:53:05Z">
          <exception class="org.openqa.selenium.WebDriverException">
            <message>
              <![CDATA[SafariDriver requires Safari 10 running on OSX El Capitan or greater.
Build info: version: '3.14.0', revision: 'aacccce0', time: '2018-08-02T20:19:58.91Z'
System info: host: 'L0682L', ip: '192.168.0.106', os.name: 'Windows 10', os.arch: 'amd64', os.version: '10.0', java.version: '1.8.0_73'
Driver info: driver.version: SafariDriver]]>
            </message>
            <full-stacktrace>
              <![CDATA[org.openqa.selenium.WebDriverException: SafariDriver requires Safari 10 running on OSX El Capitan or greater.
Build info: version: '3.14.0', revision: 'aacccce0', time: '2018-08-02T20:19:58.91Z'
System info: host: 'L0682L', ip: '192.168.0.106', os.name: 'Windows 10', os.arch: 'amd64', os.version: '10.0', java.version: '1.8.0_73'
Driver info: driver.version: SafariDriver
	at org.openqa.selenium.safari.SafariDriverService.createDefaultService(SafariDriverService.java:59)
	at org.openqa.selenium.safari.SafariDriver.<init>(SafariDriver.java:60)
	at org.openqa.selenium.safari.SafariDriver.<init>(SafariDriver.java:38)
	at com.driver.initialize.BrowserFactory.getBrowser(BrowserFactory.java:21)
	at com.runners.TestRunner.createSession(TestRunner.java:26)
	at sun.reflect.NativeMethodAccessorImpl.invoke0(Native Method)
	at sun.reflect.NativeMethodAccessorImpl.invoke(NativeMethodAccessorImpl.java:62)
	at sun.reflect.DelegatingMethodAccessorImpl.invoke(DelegatingMethodAccessorImpl.java:43)
	at java.lang.reflect.Method.invoke(Method.java:497)
	at org.testng.internal.MethodInvocationHelper.invokeMethod(MethodInvocationHelper.java:108)
	at org.testng.internal.Invoker.invokeConfigurationMethod(Invoker.java:523)
	at org.testng.internal.Invoker.invokeConfigurations(Invoker.java:224)
	at org.testng.internal.Invoker.invokeConfigurations(Invoker.java:146)
	at org.testng.TestRunner.beforeRun(TestRunner.java:626)
	at org.testng.TestRunner.run(TestRunner.java:594)
	at org.testng.SuiteRunner.runTest(SuiteRunner.java:380)
	at org.testng.SuiteRunner.access$000(SuiteRunner.java:39)
	at org.testng.SuiteRunner$SuiteWorker.run(SuiteRunner.java:414)
	at org.testng.internal.thread.ThreadUtil$1.call(ThreadUtil.java:52)
	at java.util.concurrent.FutureTask.run(FutureTask.java:266)
	at java.util.concurrent.ThreadPoolExecutor.runWorker(ThreadPoolExecutor.java:1142)
	at java.util.concurrent.ThreadPoolExecutor$Worker.run(ThreadPoolExecutor.java:617)
	at java.lang.Thread.run(Thread.java:745)
]]>
            </full-stacktrace>
          </exception> <!-- org.openqa.selenium.WebDriverException -->
          <reporter-output>
          </reporter-output>
        </test-method> <!-- feature -->
        <test-method status="PASS" signature="tearDownClass()[pri:0, instance:com.runners.TestRunner@dc24521]" name="tearDownClass" is-config="true" duration-ms="35" started-at="2020-07-20T15:53:05Z" finished-at="2020-07-20T15:53:05Z">
          <reporter-output>
          </reporter-output>
        </test-method> <!-- tearDownClass -->
        <test-method status="SKIP" signature="quitTheSession(org.testng.ITestContext)[pri:0, instance:com.runners.TestRunner@dc24521]" name="quitTheSession" is-config="true" duration-ms="0" started-at="2020-07-20T15:53:05Z" finished-at="2020-07-20T15:53:05Z">
          <reporter-output>
          </reporter-output>
        </test-method> <!-- quitTheSession -->
      </class> <!-- com.runners.TestRunner -->
    </test> <!-- Safari -->
    <test name="Chrome" duration-ms="56213" started-at="2020-07-20T10:23:04Z" finished-at="2020-07-20T10:24:01Z">
      <class name="com.runners.TestRunner">
        <test-method status="PASS" signature="createSession(org.testng.ITestContext)[pri:0, instance:com.runners.TestRunner@13a5fe33]" name="createSession" is-config="true" duration-ms="5155" started-at="2020-07-20T15:53:04Z" finished-at="2020-07-20T15:53:10Z">
          <params>
            <param index="0">
              <value>
                <![CDATA[org.testng.TestRunner@cd2dae5]]>
              </value>
            </param>
          </params>
          <reporter-output>
          </reporter-output>
        </test-method> <!-- createSession -->
        <test-method status="PASS" signature="setUpClass()[pri:0, instance:com.runners.TestRunner@13a5fe33]" name="setUpClass" is-config="true" duration-ms="17" started-at="2020-07-20T15:53:10Z" finished-at="2020-07-20T15:53:10Z">
          <reporter-output>
          </reporter-output>
        </test-method> <!-- setUpClass -->
        <test-method status="PASS" signature="feature(cucumber.api.testng.CucumberFeatureWrapper)[pri:0, instance:com.runners.TestRunner@13a5fe33]" name="feature" duration-ms="39669" started-at="2020-07-20T15:53:10Z" description="Runs Cucumber Feature" data-provider="features" finished-at="2020-07-20T15:53:49Z">
          <params>
            <param index="0">
              <value>
                <![CDATA[Book a flight]]>
              </value>
            </param>
          </params>
          <reporter-output>
          </reporter-output>
        </test-method> <!-- feature -->
        <test-method status="PASS" signature="tearDownClass()[pri:0, instance:com.runners.TestRunner@13a5fe33]" name="tearDownClass" is-config="true" duration-ms="29" started-at="2020-07-20T15:53:49Z" finished-at="2020-07-20T15:53:49Z">
          <reporter-output>
          </reporter-output>
        </test-method> <!-- tearDownClass -->
        <test-method status="PASS" signature="quitTheSession(org.testng.ITestContext)[pri:0, instance:com.runners.TestRunner@13a5fe33]" name="quitTheSession" is-config="true" duration-ms="11336" started-at="2020-07-20T15:53:49Z" finished-at="2020-07-20T15:54:01Z">
          <params>
            <param index="0">
              <value>
                <![CDATA[org.testng.TestRunner@cd2dae5]]>
              </value>
            </param>
          </params>
          <reporter-output>
          </reporter-output>
        </test-method> <!-- quitTheSession -->
      </class> <!-- com.runners.TestRunner -->
    </test> <!-- Chrome -->
  </suite> <!-- Suite -->
</testng-results>
